10:25:41 **** Build of configuration Debug for project project1 ****
make all 
Building file: ../src/project1.cpp
Invoking: GCC C++ Compiler
g++ -O0 -g3 -Wall -c -fmessage-length=0 -MMD -MP -MF"src/project1.d" -MT"src/project1.o" -o "src/project1.o" "../src/project1.cpp"
Finished building: ../src/project1.cpp
 
Building target: project1
Invoking: GCC C++ Linker
g++  -o "project1"  ./src/project1.o   
Finished building target: project1
 
10:26:12 **** Incremental Build of configuration Debug for project project1 ****
make all 
make: Nothing to be done for 'all'.
10:27:18 **** Incremental Build of configuration Debug for project project1 ****
make all 
Building file: ../src/project1.cpp
Invoking: GCC C++ Compiler
g++ -O0 -g3 -Wall -c -fmessage-length=0 -MMD -MP -MF"src/project1.d" -MT"src/project1.o" -o "src/project1.o" "../src/project1.cpp"
Finished building: ../src/project1.cpp
 
Building target: project1
Invoking: GCC C++ Linker
g++  -o "project1"  ./src/project1.o   
Finished building target: project1
 
10:28:16 **** Incremental Build of configuration Debug for project project1 ****
make all 
Building file: ../src/project1.cpp
Invoking: GCC C++ Compiler
g++ -O0 -g3 -Wall -c -fmessage-length=0 -MMD -MP -MF"src/project1.d" -MT"src/project1.o" -o "src/project1.o" "../src/project1.cpp"
Finished building: ../src/project1.cpp
 
Building target: project1
Invoking: GCC C++ Linker
g++  -o "project1"  ./src/project1.o   
Finished building target: project1
 
10:28:23 **** Incremental Build of configuration Debug for project project1 ****
make all 
make: Nothing to be done for 'all'.
10:29:36 **** Incremental Build of configuration Debug for project project1 ****
make all 
Building file: ../src/project1.cpp
Invoking: GCC C++ Compiler
g++ -O0 -g3 -Wall -c -fmessage-length=0 -MMD -MP -MF"src/project1.d" -MT"src/project1.o" -o "src/project1.o" "../src/project1.cpp"
Finished building: ../src/project1.cpp
 
Building target: project1
Invoking: GCC C++ Linker
g++  -o "project1"  ./src/project1.o   
Finished building target: project1
 
10:30:09 **** Incremental Build of configuration Debug for project project1 ****
make all 
make: Nothing to be done for 'all'.
10:33:38 **** Incremental Build of configuration Debug for project project1 ****
make all 
make: Nothing to be done for 'all'.
